0, 0.15, 1, 0, 0
5, 0.25, 102, 0, 0
10, 0.28, 148, 0, 0
15, 0.29, 171, 0, 0
20, 0.34, 212, 0, 0
25, 0.38, 245, 0, 0
30, 0.38, 255, 0, 0
35, 0.39, 273, 0, 0
40, 0.4, 286, 0, 0
45, 0.4, 290, 0, 0
50, 0.4, 304, 0, 0
55, 0.47, 314, 0, 0
60, 0.5, 323, 0, 0
65, 0.56, 333, 0, 0
70, 0.57, 347, 0, 0
75, 0.58, 374, 0, 0
80, 0.58, 382, 0, 0
85, 0.6, 403, 0, 0
90, 0.61, 414, 0, 0
95, 0.61, 433, 0, 0
100, 0.63, 446, 0, 0
105, 0.68, 467, 0, 0
110, 0.7, 483, 0, 0
115, 0.7, 499, 0, 0
120, 0.72, 516, 0, 0
125, 0.72, 534, 0, 0
130, 0.72, 546, 0, 0
135, 0.72, 551, 0, 0
140, 0.72, 560, 0, 0
145, 0.72, 563, 0, 0
150, 0.73, 579, 0, 0
155, 0.73, 582, 0, 0
160, 0.73, 591, 0, 0
165, 0.73, 597, 0, 0
170, 0.73, 600, 0, 0
175, 0.75, 620, 0, 0
180, 0.76, 640, 0, 0
185, 0.76, 645, 0, 0
190, 0.77, 652, 0, 0
195, 0.77, 656, 0, 0
200, 0.8, 660, 0, 0
205, 0.8, 663, 0, 0
210, 0.81, 673, 0, 0
215, 0.82, 685, 0, 0
220, 0.82, 704, 0, 0
225, 0.82, 717, 0, 0
230, 0.82, 725, 0, 0
235, 0.83, 752, 0, 0
240, 0.84, 757, 0, 0
245, 0.84, 764, 0, 0
250, 0.84, 792, 0, 0
255, 0.84, 795, 0, 0
260, 0.85, 813, 0, 0
265, 0.87, 824, 0, 0
270, 0.88, 839, 0, 0
275, 0.9, 861, 0, 0
280, 0.93, 883, 0, 0
285, 0.93, 899, 0, 0
290, 0.94, 912, 0, 0
295, 0.95, 927, 0, 0
300, 0.95, 930, 0, 0
305, 0.97, 946, 0, 0
310, 0.97, 953, 0, 0
315, 0.97, 959, 0, 0
320, 0.97, 964, 0, 0
325, 0.97, 971, 0, 0
330, 0.98, 974, 0, 0
335, 0.98, 977, 0, 0
340, 0.98, 982, 0, 0
345, 0.98, 986, 0, 0
350, 0.98, 990, 0, 0
355, 0.98, 991, 0, 0
360, 1, 1003, 0, 0
365, 1, 1005, 0, 0
370, 1.02, 1018, 0, 0
375, 1.05, 1029, 0, 0
380, 1.05, 1033, 0, 0
385, 1.05, 1037, 0, 0
390, 1.06, 1041, 0, 0
395, 1.06, 1053, 0, 0
400, 1.06, 1057, 0, 0
405, 1.07, 1066, 0, 0
410, 1.07, 1082, 0, 0
415, 1.07, 1087, 0, 0
420, 1.1, 1096, 0, 0
425, 1.1, 1103, 0, 0
430, 1.1, 1111, 0, 0
435, 1.1, 1113, 0, 0
440, 1.11, 1119, 0, 0
445, 1.13, 1138, 0, 0
450, 1.13, 1155, 0, 0
455, 1.13, 1162, 0, 0
460, 1.14, 1164, 0, 0
465, 1.14, 1167, 0, 0
470, 1.14, 1173, 0, 0
475, 1.14, 1176, 0, 0
480, 1.14, 1177, 0, 0
485, 1.14, 1183, 0, 0
490, 1.15, 1188, 0, 0
495, 1.17, 1191, 0, 0
500, 1.17, 1197, 0, 0
505, 1.17, 1199, 0, 0
510, 1.17, 1202, 0, 0
515, 1.18, 1209, 0, 0
520, 1.18, 1210, 0, 0
525, 1.18, 1210, 0, 0
530, 1.18, 1214, 0, 0
535, 1.18, 1219, 0, 0
540, 1.18, 1219, 0, 0
545, 1.18, 1219, 0, 0
550, 1.19, 1221, 0, 0
555, 1.24, 1236, 0, 0
560, 1.27, 1246, 0, 0
565, 1.28, 1279, 0, 0
570, 1.29, 1282, 0, 0
575, 1.3, 1309, 0, 0
580, 1.31, 1326, 0, 0
585, 1.31, 1336, 0, 0
590, 1.31, 1345, 0, 0
595, 1.31, 1356, 0, 0
600, 1.31, 1360, 0, 0
605, 1.31, 1363, 0, 0
610, 1.32, 1371, 0, 0
615, 1.33, 1381, 0, 0
620, 1.33, 1386, 0, 0
625, 1.33, 1391, 0, 0
630, 1.35, 1400, 0, 0
635, 1.35, 1404, 0, 0
640, 1.35, 1407, 0, 0
645, 1.35, 1407, 0, 0
650, 1.35, 1410, 0, 0
655, 1.35, 1411, 0, 0
660, 1.35, 1417, 0, 0
665, 1.35, 1418, 0, 0
670, 1.35, 1422, 0, 0
675, 1.35, 1425, 0, 0
680, 1.35, 1435, 0, 0
685, 1.35, 1437, 0, 0
690, 1.35, 1440, 0, 0
695, 1.35, 1442, 0, 0
700, 1.35, 1459, 0, 0
705, 1.35, 1472, 0, 0
710, 1.35, 1478, 0, 0
715, 1.35, 1489, 0, 0
720, 1.35, 1505, 0, 0
725, 1.36, 1512, 0, 0
730, 1.36, 1515, 0, 0
735, 1.37, 1524, 0, 0
740, 1.37, 1541, 0, 0
745, 1.37, 1550, 0, 0
750, 1.38, 1559, 0, 0
755, 1.39, 1565, 0, 0
760, 1.39, 1574, 0, 0
765, 1.39, 1574, 0, 0
770, 1.39, 1586, 0, 0
775, 1.39, 1603, 0, 0
780, 1.39, 1604, 0, 0
785, 1.39, 1607, 0, 0
790, 1.39, 1611, 0, 0
795, 1.39, 1615, 0, 0
800, 1.39, 1622, 0, 0
805, 1.39, 1625, 0, 0
810, 1.39, 1626, 0, 0
815, 1.39, 1629, 0, 0
820, 1.41, 1633, 0, 0
825, 1.43, 1639, 0, 0
830, 1.43, 1644, 0, 0
835, 1.46, 1662, 0, 0
840, 1.46, 1678, 0, 0
845, 1.46, 1683, 0, 0
850, 1.46, 1687, 0, 0
855, 1.47, 1693, 0, 0
860, 1.47, 1695, 0, 0
865, 1.47, 1695, 0, 0
870, 1.47, 1704, 0, 0
875, 1.47, 1710, 0, 0
880, 1.47, 1713, 0, 0
885, 1.47, 1719, 0, 0
890, 1.47, 1722, 0, 0
895, 1.47, 1730, 0, 0
900, 1.47, 1734, 0, 0
905, 1.47, 1735, 0, 0
910, 1.47, 1736, 0, 0
915, 1.47, 1741, 0, 0
920, 1.49, 1756, 0, 0
925, 1.49, 1759, 0, 0
930, 1.49, 1764, 0, 0
935, 1.49, 1766, 0, 0
940, 1.49, 1771, 0, 0
945, 1.49, 1774, 0, 0
950, 1.5, 1781, 0, 0
955, 1.5, 1783, 0, 0
960, 1.5, 1787, 0, 0
965, 1.5, 1787, 0, 0
970, 1.5, 1791, 0, 0
975, 1.5, 1792, 0, 0
980, 1.56, 1814, 0, 0
985, 1.56, 1830, 0, 0
990, 1.56, 1840, 0, 0
995, 1.56, 1845, 0, 0
1000, 1.57, 1850, 0, 0
1005, 1.57, 1858, 0, 0
1010, 1.57, 1863, 0, 0
1015, 1.57, 1864, 0, 0
1020, 1.58, 1868, 0, 0
1025, 1.58, 1873, 0, 0
1030, 1.58, 1878, 0, 0
1035, 1.58, 1881, 0, 0
1040, 1.58, 1881, 0, 0
1045, 1.58, 1887, 0, 0
1050, 1.58, 1888, 0, 0
1055, 1.6, 1890, 0, 0
1060, 1.62, 1896, 0, 0
1065, 1.63, 1900, 0, 0
1070, 1.63, 1901, 0, 0
1075, 1.63, 1902, 0, 0
1080, 1.63, 1903, 0, 0
1085, 1.63, 1903, 0, 0
1090, 1.63, 1909, 0, 0
1095, 1.64, 1918, 0, 0
1100, 1.64, 1924, 0, 0
1105, 1.64, 1925, 0, 0
1110, 1.64, 1926, 0, 0
1115, 1.64, 1928, 0, 0
1120, 1.64, 1937, 0, 0
1125, 1.64, 1949, 0, 0
1130, 1.64, 1953, 0, 0
1135, 1.64, 1959, 0, 0
1140, 1.64, 1960, 0, 0
1145, 1.64, 1970, 0, 0
1150, 1.64, 1972, 0, 0
1155, 1.64, 1972, 0, 0
1160, 1.64, 1973, 0, 0
1165, 1.64, 1974, 0, 0
1170, 1.65, 1987, 0, 0
1175, 1.65, 1989, 0, 0
1180, 1.65, 1999, 0, 0
1185, 1.66, 2004, 0, 0
1190, 1.66, 2005, 0, 0
1195, 1.66, 2010, 0, 0
1200, 1.66, 2017, 0, 0
1205, 1.66, 2024, 0, 0
1210, 1.66, 2026, 0, 0
1215, 1.66, 2028, 0, 0
1220, 1.66, 2031, 0, 0
1225, 1.66, 2034, 0, 0
1230, 1.68, 2039, 0, 0
1235, 1.71, 2071, 0, 0
1240, 1.71, 2080, 0, 0
1245, 1.72, 2095, 0, 0
1250, 1.73, 2128, 0, 0
1255, 1.74, 2163, 0, 0
1260, 1.74, 2171, 0, 0
1265, 1.74, 2175, 0, 0
1270, 1.74, 2178, 0, 0
1275, 1.74, 2180, 0, 0
1280, 1.74, 2180, 0, 0
1285, 1.75, 2186, 0, 0
1290, 1.75, 2190, 0, 0
1295, 1.75, 2191, 0, 0
1300, 1.76, 2196, 0, 0
1305, 1.76, 2203, 0, 0
1310, 1.76, 2203, 0, 0
1315, 1.76, 2204, 0, 0
1320, 1.76, 2207, 0, 0
1325, 1.76, 2213, 0, 0
1330, 1.76, 2215, 0, 0
1335, 1.76, 2217, 0, 0
1340, 1.76, 2221, 0, 0
1345, 1.76, 2221, 0, 0
1350, 1.76, 2226, 0, 0
1355, 1.77, 2243, 0, 0
1360, 1.79, 2252, 0, 0
1365, 1.82, 2271, 0, 0
1370, 1.83, 2283, 0, 0
1375, 1.9, 2321, 0, 0
1380, 1.94, 2356, 0, 0
1385, 1.94, 2363, 0, 0
1390, 1.94, 2364, 0, 0
1395, 1.94, 2364, 0, 0
1400, 1.94, 2364, 0, 0
1405, 1.94, 2371, 0, 0
1410, 1.95, 2389, 0, 0
1415, 1.97, 2409, 0, 0
1420, 1.98, 2423, 0, 0
1425, 1.98, 2433, 0, 0
1430, 1.98, 2436, 0, 0
1435, 1.98, 2436, 0, 0
1440, 1.98, 2436, 0, 0
1445, 1.98, 2439, 0, 0
1450, 1.98, 2448, 0, 0
1455, 1.98, 2452, 0, 0
1460, 1.98, 2454, 0, 0
1465, 1.98, 2461, 0, 0
1470, 1.99, 2469, 0, 0
1475, 1.99, 2472, 0, 0
1480, 1.99, 2474, 0, 0
1485, 1.99, 2474, 0, 0
1490, 1.99, 2475, 0, 0
1495, 1.99, 2475, 0, 0
1500, 1.99, 2478, 0, 0
1505, 1.99, 2478, 0, 0
1510, 1.99, 2482, 0, 0
1515, 2, 2485, 0, 0
1520, 2, 2486, 0, 0
1525, 2, 2495, 0, 0
1530, 2, 2495, 0, 0
1535, 2, 2498, 0, 0
1540, 2, 2499, 0, 0
1545, 2, 2503, 0, 0
1550, 2, 2509, 0, 0
1555, 2, 2512, 0, 0
1560, 2, 2512, 0, 0
1565, 2, 2519, 0, 0
1570, 2, 2525, 0, 0
1575, 2, 2530, 0, 0
1580, 2.01, 2533, 0, 0
1585, 2.01, 2535, 0, 0
1590, 2.01, 2536, 0, 0
1595, 2.02, 2542, 0, 0
1600, 2.02, 2543, 0, 0
1605, 2.02, 2563, 0, 0
1610, 2.02, 2563, 0, 0
1615, 2.02, 2563, 0, 0
1620, 2.02, 2568, 0, 0
1625, 2.02, 2569, 0, 0
1630, 2.02, 2571, 0, 0
1635, 2.02, 2571, 0, 0
1640, 2.03, 2572, 0, 0
1645, 2.03, 2576, 0, 0
1650, 2.03, 2579, 0, 0
1655, 2.03, 2580, 0, 0
1660, 2.03, 2582, 0, 0
1665, 2.04, 2586, 0, 0
1670, 2.04, 2588, 0, 0
1675, 2.07, 2614, 0, 0
1680, 2.07, 2616, 0, 0
1685, 2.07, 2616, 0, 0
1690, 2.07, 2617, 0, 0
1695, 2.07, 2617, 0, 0
1700, 2.07, 2617, 0, 0
1705, 2.07, 2617, 0, 0
1710, 2.07, 2617, 0, 0
1715, 2.07, 2617, 0, 0
1720, 2.07, 2617, 0, 0
1725, 2.07, 2617, 0, 0
1730, 2.07, 2617, 0, 0
1735, 2.07, 2617, 0, 0
1740, 2.07, 2617, 0, 0
1745, 2.07, 2620, 0, 0
1750, 2.07, 2620, 0, 0
1755, 2.07, 2620, 0, 0
1760, 2.07, 2620, 0, 0
1765, 2.07, 2620, 0, 0
1770, 2.07, 2620, 0, 0
1775, 2.07, 2620, 0, 0
1780, 2.07, 2620, 0, 0
1785, 2.08, 2627, 0, 0
1790, 2.15, 2643, 0, 0
1795, 2.23, 2664, 0, 0
1800, 2.31, 2700, 0, 0
1805, 2.34, 2711, 0, 0
1810, 2.37, 2722, 0, 0
1815, 2.38, 2730, 0, 0
1820, 2.38, 2730, 0, 0
1825, 2.38, 2731, 0, 0
1830, 2.38, 2735, 0, 0
1835, 2.38, 2739, 0, 0
1840, 2.39, 2745, 0, 0
1845, 2.41, 2752, 0, 0
1850, 2.42, 2762, 0, 0
1855, 2.43, 2774, 0, 0
1860, 2.45, 2783, 0, 0
1865, 2.46, 2791, 0, 0
1870, 2.46, 2800, 0, 0
1875, 2.46, 2803, 0, 0
1880, 2.46, 2810, 0, 0
1885, 2.48, 2819, 0, 0
1890, 2.48, 2829, 0, 0
1895, 2.48, 2833, 0, 0
1900, 2.48, 2844, 0, 0
1905, 2.49, 2856, 0, 0
1910, 2.49, 2863, 0, 0
1915, 2.49, 2875, 0, 0
1920, 2.49, 2880, 0, 0
1925, 2.49, 2888, 0, 0
1930, 2.49, 2894, 0, 0
1935, 2.49, 2895, 0, 0
1940, 2.49, 2897, 0, 0
1945, 2.5, 2905, 0, 0
1950, 2.5, 2908, 0, 0
1955, 2.5, 2909, 0, 0
1960, 2.5, 2918, 0, 0
1965, 2.5, 2922, 0, 0
1970, 2.52, 2934, 0, 0
1975, 2.52, 2949, 0, 0
1980, 2.52, 2956, 0, 0
1985, 2.52, 2960, 0, 0
1990, 2.52, 2960, 0, 0
1995, 2.52, 2973, 0, 0
2000, 2.52, 2973, 0, 0
2005, 2.52, 2973, 0, 0
2010, 2.52, 2974, 0, 0
2015, 2.52, 2974, 0, 0
2020, 2.52, 2974, 0, 0
2025, 2.52, 2974, 0, 0
2030, 2.54, 2993, 0, 0
2035, 2.54, 2993, 0, 0
2040, 2.54, 2993, 0, 0
2045, 2.54, 2993, 0, 0
2050, 2.54, 2993, 0, 0
2055, 2.54, 2993, 0, 0
2060, 2.54, 2993, 0, 0
2065, 2.54, 2993, 0, 0
2070, 2.54, 2993, 0, 0
2075, 2.54, 2993, 0, 0
2080, 2.54, 2993, 0, 0
2085, 2.54, 2993, 0, 0
2090, 2.54, 2993, 0, 0
2095, 2.54, 2993, 0, 0
2100, 2.54, 2993, 0, 0
2105, 2.54, 2993, 0, 0
2110, 2.54, 2993, 0, 0
2115, 2.54, 2994, 0, 0
2120, 2.54, 2995, 0, 0
2125, 2.54, 2995, 0, 0
2130, 2.54, 2995, 0, 0
2135, 2.54, 2998, 0, 0
2140, 2.54, 2998, 0, 0
2145, 2.54, 2998, 0, 0
2150, 2.54, 2998, 0, 0
2155, 2.54, 2998, 0, 0
2160, 2.54, 2998, 0, 0
2165, 2.54, 2998, 0, 0
2170, 2.54, 2998, 0, 0
2175, 2.54, 2998, 0, 0
2180, 2.54, 2998, 0, 0
2185, 2.54, 3000, 0, 0
2190, 2.54, 3000, 0, 0
2195, 2.54, 3000, 0, 0
2200, 2.54, 3001, 0, 0
2205, 2.54, 3003, 0, 0
2210, 2.54, 3004, 0, 0
2215, 2.54, 3004, 0, 0
2220, 2.54, 3004, 0, 0
2225, 2.54, 3004, 0, 0
2230, 2.54, 3004, 0, 0
2235, 2.54, 3004, 0, 0
2240, 2.54, 3004, 0, 0
2245, 2.54, 3004, 0, 0
2250, 2.54, 3005, 0, 0
2255, 2.55, 3006, 0, 0
2260, 2.57, 3025, 0, 0
2265, 2.57, 3025, 0, 0
2270, 2.57, 3025, 0, 0
2275, 2.57, 3025, 0, 0
2280, 2.57, 3025, 0, 0
2285, 2.57, 3026, 0, 0
2290, 2.57, 3026, 0, 0
2295, 2.57, 3026, 0, 0
2300, 2.57, 3026, 0, 0
2305, 2.57, 3026, 0, 0
2310, 2.57, 3026, 0, 0
2315, 2.57, 3026, 0, 0
2320, 2.57, 3028, 0, 0
2325, 2.57, 3034, 0, 0
2330, 2.57, 3034, 0, 0
2335, 2.57, 3034, 0, 0
2340, 2.57, 3034, 0, 0
2345, 2.57, 3034, 0, 0
2350, 2.57, 3035, 0, 0
2355, 2.57, 3037, 0, 0
2360, 2.57, 3038, 0, 0
2365, 2.57, 3038, 0, 0
2370, 2.57, 3038, 0, 0
2375, 2.57, 3039, 0, 0
2380, 2.57, 3039, 0, 0
2385, 2.57, 3039, 0, 0
2390, 2.57, 3039, 0, 0
2395, 2.59, 3055, 0, 0
2400, 2.59, 3055, 0, 0
2405, 2.59, 3055, 0, 0
2410, 2.59, 3055, 0, 0
2415, 2.59, 3056, 0, 0
2420, 2.59, 3057, 0, 0
2425, 2.59, 3057, 0, 0
2430, 2.59, 3057, 0, 0
2435, 2.59, 3057, 0, 0
2440, 2.59, 3057, 0, 0
2445, 2.59, 3057, 0, 0
2450, 2.59, 3057, 0, 0
2455, 2.59, 3057, 0, 0
2460, 2.59, 3057, 0, 0
2465, 2.59, 3057, 0, 0
2470, 2.59, 3057, 0, 0
2475, 2.59, 3057, 0, 0
2480, 2.59, 3058, 0, 0
2485, 2.59, 3061, 0, 0
2490, 2.59, 3062, 0, 0
2495, 2.59, 3062, 0, 0
2500, 2.6, 3066, 0, 0
2505, 2.6, 3067, 0, 0
2510, 2.6, 3072, 0, 0
2515, 2.6, 3072, 0, 0
2520, 2.6, 3072, 0, 0
2525, 2.6, 3073, 0, 0
2530, 2.6, 3073, 0, 0
2535, 2.6, 3074, 0, 0
2540, 2.6, 3076, 0, 0
2545, 2.6, 3079, 0, 0
2550, 2.6, 3080, 0, 0
2555, 2.6, 3081, 0, 0
2560, 2.61, 3089, 0, 0
2565, 2.61, 3090, 0, 0
2570, 2.61, 3092, 0, 0
2575, 2.61, 3095, 0, 0
2580, 2.61, 3095, 0, 0
2585, 2.61, 3095, 0, 0
2590, 2.61, 3095, 0, 0
2595, 2.61, 3096, 0, 0
2600, 2.61, 3096, 0, 0
2605, 2.61, 3101, 0, 0
2610, 2.61, 3102, 0, 0
2615, 2.61, 3119, 0, 0
2620, 2.61, 3123, 0, 0
2625, 2.61, 3124, 0, 0
2630, 2.61, 3126, 0, 0
2635, 2.61, 3126, 0, 0
2640, 2.61, 3131, 0, 0
2645, 2.61, 3135, 0, 0
2650, 2.61, 3138, 0, 0
2655, 2.61, 3139, 0, 0
2660, 2.61, 3140, 0, 0
2665, 2.61, 3143, 0, 0
2670, 2.61, 3143, 0, 0
2675, 2.63, 3149, 0, 0
2680, 2.63, 3153, 0, 0
2685, 2.63, 3156, 0, 0
2690, 2.63, 3160, 0, 0
2695, 2.63, 3164, 0, 0
2700, 2.63, 3168, 0, 0
2705, 2.66, 3185, 0, 0
2710, 2.67, 3195, 0, 0
2715, 2.68, 3200, 0, 0
2720, 2.68, 3204, 0, 0
2725, 2.68, 3214, 0, 0
2730, 2.68, 3219, 0, 0
2735, 2.68, 3219, 0, 0
2740, 2.68, 3219, 0, 0
2745, 2.68, 3228, 0, 0
2750, 2.68, 3231, 0, 0
2755, 2.68, 3240, 0, 0
2760, 2.68, 3246, 0, 0
2765, 2.68, 3247, 0, 0
2770, 2.68, 3251, 0, 0
2775, 2.68, 3253, 0, 0
2780, 2.68, 3253, 0, 0
2785, 2.68, 3254, 0, 0
2790, 2.68, 3254, 0, 0
2795, 2.69, 3257, 0, 0
2800, 2.69, 3260, 0, 0
2805, 2.69, 3260, 0, 0
2810, 2.7, 3264, 0, 0
2815, 2.7, 3269, 0, 0
2820, 2.7, 3274, 0, 0
2825, 2.7, 3280, 0, 0
2830, 2.7, 3284, 0, 0
2835, 2.7, 3288, 0, 0
2840, 2.7, 3296, 0, 0
2845, 2.7, 3297, 0, 0
2850, 2.73, 3302, 0, 0
2855, 2.75, 3315, 0, 0
2860, 2.76, 3321, 0, 0
2865, 2.76, 3331, 0, 0
2870, 2.77, 3351, 0, 0
2875, 2.77, 3352, 0, 0
2880, 2.78, 3358, 0, 0
2885, 2.78, 3361, 0, 0
2890, 2.78, 3366, 0, 0
2895, 2.78, 3368, 0, 0
2900, 2.78, 3372, 0, 0
2905, 2.78, 3372, 0, 0
2910, 2.79, 3377, 0, 0
2915, 2.79, 3378, 0, 0
2920, 2.79, 3379, 0, 0
2925, 2.79, 3379, 0, 0
2930, 2.79, 3390, 0, 0
2935, 2.79, 3391, 0, 0
2940, 2.79, 3393, 0, 0
2945, 2.79, 3394, 0, 0
2950, 2.79, 3396, 0, 0
2955, 2.79, 3396, 0, 0
2960, 2.79, 3396, 0, 0
2965, 2.79, 3398, 0, 0
2970, 2.79, 3405, 0, 0
2975, 2.79, 3407, 0, 0
2980, 2.79, 3412, 0, 0
2985, 2.79, 3416, 0, 0
2990, 2.84, 3441, 0, 0
2995, 2.85, 3460, 0, 0
3000, 2.85, 3482, 0, 0
3005, 2.85, 3494, 0, 0
3010, 2.86, 3501, 0, 0
3015, 2.86, 3506, 0, 0
3020, 2.86, 3512, 0, 0
3025, 2.86, 3515, 0, 0
3030, 2.86, 3516, 0, 0
3035, 2.88, 3519, 0, 0
3040, 2.88, 3525, 0, 0
3045, 2.88, 3535, 0, 0
3050, 2.88, 3543, 0, 0
3055, 2.88, 3548, 0, 0
3060, 2.88, 3548, 0, 0
3065, 2.89, 3553, 0, 0
3070, 2.89, 3553, 0, 0
3075, 2.89, 3554, 0, 0
3080, 2.9, 3557, 0, 0
3085, 2.94, 3567, 0, 0
3090, 2.97, 3611, 0, 0
3095, 2.97, 3615, 0, 0
3100, 2.97, 3633, 0, 0
3105, 2.97, 3633, 0, 0
3110, 2.98, 3648, 0, 0
3115, 2.98, 3652, 0, 0
3120, 2.98, 3655, 0, 0
3125, 2.99, 3670, 0, 0
3130, 2.99, 3685, 0, 0
3135, 2.99, 3690, 0, 0
3140, 2.99, 3697, 0, 0
3145, 2.99, 3711, 0, 0
3150, 2.99, 3713, 0, 0
3155, 3.03, 3723, 0, 0
3160, 3.03, 3724, 0, 0
3165, 3.03, 3738, 0, 0
3170, 3.03, 3743, 0, 0
3175, 3.04, 3749, 0, 0
3180, 3.04, 3749, 0, 0
3185, 3.04, 3751, 0, 0
3190, 3.05, 3760, 0, 0
3195, 3.07, 3778, 0, 0
3200, 3.07, 3783, 0, 0
3205, 3.07, 3789, 0, 0
3210, 3.07, 3792, 0, 0
3215, 3.07, 3793, 0, 0
3220, 3.08, 3815, 0, 0
3225, 3.08, 3819, 0, 0
3230, 3.08, 3819, 0, 0
3235, 3.08, 3821, 0, 0
3240, 3.08, 3837, 0, 0
3245, 3.08, 3844, 0, 0
3250, 3.08, 3850, 0, 0
3255, 3.08, 3851, 0, 0
3260, 3.08, 3853, 0, 0
3265, 3.11, 3864, 0, 0
3270, 3.12, 3872, 0, 0
3275, 3.12, 3875, 0, 0
3280, 3.12, 3879, 0, 0
3285, 3.12, 3884, 0, 0
3290, 3.12, 3886, 0, 0
3295, 3.12, 3894, 0, 0
3300, 3.12, 3895, 0, 0
3305, 3.12, 3895, 0, 0
3310, 3.12, 3898, 0, 0
3315, 3.12, 3902, 0, 0
3320, 3.12, 3902, 0, 0
3325, 3.15, 3930, 0, 0
3330, 3.16, 3939, 0, 0
3335, 3.16, 3940, 0, 0
3340, 3.16, 3952, 0, 0
3345, 3.16, 3955, 0, 0
3350, 3.16, 3957, 0, 0
3355, 3.16, 3961, 0, 0
3360, 3.17, 3963, 0, 0
3365, 3.17, 3966, 0, 0
3370, 3.18, 3974, 0, 0
3375, 3.21, 3983, 0, 0
3380, 3.23, 3992, 0, 0
3385, 3.24, 4014, 0, 0
3390, 3.25, 4033, 0, 0
3395, 3.25, 4048, 0, 0
3400, 3.25, 4057, 0, 0
3405, 3.25, 4057, 0, 0
3410, 3.25, 4058, 0, 0
3415, 3.27, 4070, 0, 0
3420, 3.28, 4085, 0, 0
3425, 3.28, 4089, 0, 0
3430, 3.28, 4092, 0, 0
3435, 3.29, 4095, 0, 0
3440, 3.29, 4096, 0, 0
3445, 3.29, 4096, 0, 0
3450, 3.29, 4102, 0, 0
3455, 3.29, 4103, 0, 0
3460, 3.29, 4106, 0, 0
3465, 3.3, 4130, 0, 0
3470, 3.3, 4132, 0, 0
3475, 3.3, 4132, 0, 0
3480, 3.31, 4137, 0, 0
3485, 3.31, 4139, 0, 0
3490, 3.31, 4155, 0, 0
3495, 3.31, 4157, 0, 0
3500, 3.31, 4158, 0, 0
3505, 3.32, 4163, 0, 0
3510, 3.32, 4170, 0, 0
3515, 3.32, 4172, 0, 0
3520, 3.32, 4173, 0, 0
3525, 3.32, 4174, 0, 0
3530, 3.32, 4178, 0, 0
3535, 3.32, 4180, 0, 0
3540, 3.32, 4181, 0, 0
3545, 3.36, 4217, 0, 0
3550, 3.36, 4219, 0, 0
3555, 3.36, 4229, 0, 0
3560, 3.36, 4234, 0, 0
3565, 3.36, 4243, 0, 0
3570, 3.37, 4244, 0, 0
3575, 3.39, 4250, 0, 0
3580, 3.39, 4253, 0, 0
3585, 3.4, 4276, 0, 0
3590, 3.4, 4290, 0, 0
3595, 3.44, 4327, 0, 0
3600, 3.45, 4333, 0, 0
3605, 3.45, 4343, 0, 0
3610, 3.45, 4349, 0, 0
3615, 3.45, 4354, 0, 0
3620, 3.45, 4354, 0, 0
3625, 3.59, 4403, 0, 0
3630, 3.59, 4415, 0, 0
3635, 3.59, 4422, 0, 0
3640, 3.6, 4428, 0, 0
3645, 3.61, 4436, 0, 0
3650, 3.61, 4444, 0, 0
3655, 3.62, 4448, 0, 0
3660, 3.62, 4469, 0, 0
3665, 3.63, 4475, 0, 0
3670, 3.63, 4478, 0, 0
3675, 3.64, 4499, 0, 0
3680, 3.66, 4513, 0, 0
3685, 3.7, 4554, 0, 0
3690, 3.72, 4590, 0, 0
3695, 3.77, 4642, 0, 0
3700, 3.8, 4676, 0, 0
3705, 3.8, 4678, 0, 0
